11:00:35 PM  [main] 	Initializing Control Panel
11:00:35 PM  [main] 	Windows Version:  Pro  64-bit
11:00:35 PM  [main] 	XAMPP Version: 7.3.9
11:00:35 PM  [main] 	Control Panel Version: 3.2.4  [ Compiled: Jun 5th 2019 ]
11:00:35 PM  [main] 	You are not running with administrator rights! This will work for
11:00:35 PM  [main] 	most application stuff but whenever you do something with services
11:00:35 PM  [main] 	there will be a security dialogue or things will break! So think 
11:00:35 PM  [main] 	about running this application with administrator rights!
11:00:35 PM  [main] 	XAMPP Installation Directory: "c:\xampp\"
11:00:35 PM  [main] 	Checking for prerequisites
11:00:42 PM  [main] 	All prerequisites found
11:00:42 PM  [main] 	Initializing Modules
11:00:42 PM  [main] 	Starting Check-Timer
11:00:42 PM  [main] 	Control Panel Ready
11:00:51 PM  [main] 	Deinitializing Modules
11:00:51 PM  [main] 	Deinitializing Control Panel

8:46:01 PM  [main] 	Initializing Control Panel
8:46:01 PM  [main] 	Windows Version:  Pro  64-bit
8:46:01 PM  [main] 	XAMPP Version: 7.3.9
8:46:01 PM  [main] 	Control Panel Version: 3.2.4  [ Compiled: Jun 5th 2019 ]
8:46:01 PM  [main] 	You are not running with administrator rights! This will work for
8:46:01 PM  [main] 	most application stuff but whenever you do something with services
8:46:01 PM  [main] 	there will be a security dialogue or things will break! So think 
8:46:01 PM  [main] 	about running this application with administrator rights!
8:46:01 PM  [main] 	XAMPP Installation Directory: "c:\xampp\"
8:46:01 PM  [main] 	Checking for prerequisites
8:46:08 PM  [main] 	All prerequisites found
8:46:08 PM  [main] 	Initializing Modules
8:46:08 PM  [main] 	Starting Check-Timer
8:46:08 PM  [main] 	Control Panel Ready
9:07:16 PM  [Apache] 	Attempting to start Apache app...
9:07:16 PM  [Apache] 	Status change detected: running
9:07:17 PM  [mysql] 	Attempting to start MySQL app...
9:07:19 PM  [mysql] 	Status change detected: running
3:50:28 AM  [mysql] 	Status change detected: stopped
3:50:28 AM  [mysql] 	Error: MySQL shutdown unexpectedly.
3:50:28 AM  [mysql] 	This may be due to a blocked port, missing dependencies, 
3:50:28 AM  [mysql] 	improper privileges, a crash, or a shutdown by another method.
3:50:28 AM  [mysql] 	Press the Logs button to view error logs and check
3:50:28 AM  [mysql] 	the Windows Event Viewer for more clues
3:50:28 AM  [mysql] 	If you need more help, copy and post this
3:50:28 AM  [mysql] 	entire log window on the forums
3:50:28 AM  [Apache] 	Status change detected: stopped
3:50:28 AM  [Apache] 	Error: Apache shutdown unexpectedly.
3:50:28 AM  [Apache] 	This may be due to a blocked port, missing dependencies, 
3:50:28 AM  [Apache] 	improper privileges, a crash, or a shutdown by another method.
3:50:28 AM  [Apache] 	Press the Logs button to view error logs and check
3:50:28 AM  [Apache] 	the Windows Event Viewer for more clues
3:50:28 AM  [Apache] 	If you need more help, copy and post this
3:50:28 AM  [Apache] 	entire log window on the forums
3:50:29 AM  [main] 	Deinitializing Modules
3:50:29 AM  [main] 	Deinitializing Control Panel

12:02:25 PM  [main] 	Initializing Control Panel
12:02:25 PM  [main] 	Windows Version:  Pro  64-bit
12:02:25 PM  [main] 	XAMPP Version: 7.3.9
12:02:25 PM  [main] 	Control Panel Version: 3.2.4  [ Compiled: Jun 5th 2019 ]
12:02:25 PM  [main] 	You are not running with administrator rights! This will work for
12:02:25 PM  [main] 	most application stuff but whenever you do something with services
12:02:25 PM  [main] 	there will be a security dialogue or things will break! So think 
12:02:25 PM  [main] 	about running this application with administrator rights!
12:02:25 PM  [main] 	XAMPP Installation Directory: "d:\checkpoint2\aa2.1sd project\healthylifestyle\xampp\"
12:02:25 PM  [main] 	WARNING: Your install directory contains spaces.  This may break programs/scripts
12:02:25 PM  [main] 	Checking for prerequisites
12:02:29 PM  [main] 	All prerequisites found
12:02:29 PM  [main] 	Initializing Modules
12:02:29 PM  [Apache] 	Problem detected!
12:02:29 PM  [Apache] 	Port 80 in use by "C:\xampp\apache\bin\httpd.exe" with PID 9696!
12:02:29 PM  [Apache] 	Apache WILL NOT start without the configured ports free!
12:02:29 PM  [Apache] 	You need to uninstall/disable/reconfigure the blocking application
12:02:29 PM  [Apache] 	or reconfigure Apache and the Control Panel to listen on a different port
12:02:29 PM  [Apache] 	Problem detected!
12:02:29 PM  [Apache] 	Port 443 in use by "C:\xampp\apache\bin\httpd.exe" with PID 9696!
12:02:29 PM  [Apache] 	Apache WILL NOT start without the configured ports free!
12:02:29 PM  [Apache] 	You need to uninstall/disable/reconfigure the blocking application
12:02:29 PM  [Apache] 	or reconfigure Apache and the Control Panel to listen on a different port
12:02:29 PM  [mysql] 	Problem detected!
12:02:29 PM  [mysql] 	Port 3306 in use by "C:\xampp\mysql\bin\mysqld.exe"!
12:02:29 PM  [mysql] 	MySQL WILL NOT start without the configured ports free!
12:02:29 PM  [mysql] 	You need to uninstall/disable/reconfigure the blocking application
12:02:29 PM  [mysql] 	or reconfigure MySQL and the Control Panel to listen on a different port
12:02:29 PM  [main] 	Starting Check-Timer
12:02:29 PM  [main] 	Control Panel Ready
12:02:32 PM  [Apache] 	Problem detected!
12:02:32 PM  [Apache] 	Port 80 in use by "C:\xampp\apache\bin\httpd.exe" with PID 9696!
12:02:32 PM  [Apache] 	Apache WILL NOT start without the configured ports free!
12:02:32 PM  [Apache] 	You need to uninstall/disable/reconfigure the blocking application
12:02:32 PM  [Apache] 	or reconfigure Apache and the Control Panel to listen on a different port
12:02:32 PM  [Apache] 	Problem detected!
12:02:32 PM  [Apache] 	Port 443 in use by "C:\xampp\apache\bin\httpd.exe" with PID 9696!
12:02:32 PM  [Apache] 	Apache WILL NOT start without the configured ports free!
12:02:32 PM  [Apache] 	You need to uninstall/disable/reconfigure the blocking application
12:02:32 PM  [Apache] 	or reconfigure Apache and the Control Panel to listen on a different port
12:02:32 PM  [Apache] 	Attempting to start Apache app...
12:02:32 PM  [Apache] 	Status change detected: running
12:02:33 PM  [mysql] 	Problem detected!
12:02:33 PM  [mysql] 	Port 3306 in use by "C:\xampp\mysql\bin\mysqld.exe"!
12:02:33 PM  [mysql] 	MySQL WILL NOT start without the configured ports free!
12:02:33 PM  [mysql] 	You need to uninstall/disable/reconfigure the blocking application
12:02:33 PM  [mysql] 	or reconfigure MySQL and the Control Panel to listen on a different port
12:02:33 PM  [mysql] 	Attempting to start MySQL app...
12:02:33 PM  [mysql] 	Status change detected: running
12:02:35 PM  [Apache] 	Status change detected: stopped
12:02:35 PM  [Apache] 	Error: Apache shutdown unexpectedly.
12:02:35 PM  [Apache] 	This may be due to a blocked port, missing dependencies, 
12:02:35 PM  [Apache] 	improper privileges, a crash, or a shutdown by another method.
12:02:35 PM  [Apache] 	Press the Logs button to view error logs and check
12:02:35 PM  [Apache] 	the Windows Event Viewer for more clues
12:02:35 PM  [Apache] 	If you need more help, copy and post this
12:02:35 PM  [Apache] 	entire log window on the forums
12:02:36 PM  [mysql] 	Status change detected: stopped
12:02:36 PM  [mysql] 	Error: MySQL shutdown unexpectedly.
12:02:36 PM  [mysql] 	This may be due to a blocked port, missing dependencies, 
12:02:36 PM  [mysql] 	improper privileges, a crash, or a shutdown by another method.
12:02:36 PM  [mysql] 	Press the Logs button to view error logs and check
12:02:36 PM  [mysql] 	the Windows Event Viewer for more clues
12:02:36 PM  [mysql] 	If you need more help, copy and post this
12:02:36 PM  [mysql] 	entire log window on the forums
12:12:56 PM  [main] 	Deinitializing Modules
12:12:56 PM  [main] 	Deinitializing Control Panel

11:00:27 PM  [main] 	Initializing Control Panel
11:00:27 PM  [main] 	Windows Version: Windows 8.1 Pro  64-bit
11:00:27 PM  [main] 	XAMPP Version: 7.3.9
11:00:27 PM  [main] 	Control Panel Version: 3.2.4  [ Compiled: Jun 5th 2019 ]
11:00:27 PM  [main] 	You are not running with administrator rights! This will work for
11:00:27 PM  [main] 	most application stuff but whenever you do something with services
11:00:27 PM  [main] 	there will be a security dialogue or things will break! So think 
11:00:27 PM  [main] 	about running this application with administrator rights!
11:00:27 PM  [main] 	XAMPP Installation Directory: "f:\healthylifestyle\xampp\"
11:00:27 PM  [main] 	Checking for prerequisites
11:00:27 PM  [main] 	All prerequisites found
11:00:27 PM  [main] 	Initializing Modules
11:00:27 PM  [Apache] 	Problem detected!
11:00:27 PM  [Apache] 	Port 80 in use by "C:\xampp\apache\bin\httpd.exe" with PID 2424!
11:00:27 PM  [Apache] 	Apache WILL NOT start without the configured ports free!
11:00:27 PM  [Apache] 	You need to uninstall/disable/reconfigure the blocking application
11:00:27 PM  [Apache] 	or reconfigure Apache and the Control Panel to listen on a different port
11:00:27 PM  [Apache] 	Problem detected!
11:00:27 PM  [Apache] 	Port 443 in use by "C:\xampp\apache\bin\httpd.exe" with PID 2424!
11:00:27 PM  [Apache] 	Apache WILL NOT start without the configured ports free!
11:00:27 PM  [Apache] 	You need to uninstall/disable/reconfigure the blocking application
11:00:27 PM  [Apache] 	or reconfigure Apache and the Control Panel to listen on a different port
11:00:27 PM  [mysql] 	Problem detected!
11:00:27 PM  [mysql] 	Port 3306 in use by "C:\xampp\mysql\bin\mysqld.exe"!
11:00:27 PM  [mysql] 	MySQL WILL NOT start without the configured ports free!
11:00:27 PM  [mysql] 	You need to uninstall/disable/reconfigure the blocking application
11:00:27 PM  [mysql] 	or reconfigure MySQL and the Control Panel to listen on a different port
11:00:27 PM  [main] 	Starting Check-Timer
11:00:27 PM  [main] 	Control Panel Ready
11:00:28 PM  [Apache] 	Problem detected!
11:00:28 PM  [Apache] 	Port 80 in use by "C:\xampp\apache\bin\httpd.exe" with PID 2424!
11:00:28 PM  [Apache] 	Apache WILL NOT start without the configured ports free!
11:00:28 PM  [Apache] 	You need to uninstall/disable/reconfigure the blocking application
11:00:28 PM  [Apache] 	or reconfigure Apache and the Control Panel to listen on a different port
11:00:28 PM  [Apache] 	Problem detected!
11:00:28 PM  [Apache] 	Port 443 in use by "C:\xampp\apache\bin\httpd.exe" with PID 2424!
11:00:28 PM  [Apache] 	Apache WILL NOT start without the configured ports free!
11:00:28 PM  [Apache] 	You need to uninstall/disable/reconfigure the blocking application
11:00:28 PM  [Apache] 	or reconfigure Apache and the Control Panel to listen on a different port
11:00:28 PM  [Apache] 	Attempting to start Apache app...
11:00:28 PM  [Apache] 	Status change detected: running
11:00:29 PM  [Apache] 	Status change detected: stopped
11:00:29 PM  [Apache] 	Error: Apache shutdown unexpectedly.
11:00:29 PM  [Apache] 	This may be due to a blocked port, missing dependencies, 
11:00:29 PM  [Apache] 	improper privileges, a crash, or a shutdown by another method.
11:00:29 PM  [Apache] 	Press the Logs button to view error logs and check
11:00:29 PM  [Apache] 	the Windows Event Viewer for more clues
11:00:29 PM  [Apache] 	If you need more help, copy and post this
11:00:29 PM  [Apache] 	entire log window on the forums
11:00:29 PM  [mysql] 	Problem detected!
11:00:29 PM  [mysql] 	Port 3306 in use by "C:\xampp\mysql\bin\mysqld.exe"!
11:00:29 PM  [mysql] 	MySQL WILL NOT start without the configured ports free!
11:00:29 PM  [mysql] 	You need to uninstall/disable/reconfigure the blocking application
11:00:29 PM  [mysql] 	or reconfigure MySQL and the Control Panel to listen on a different port
11:00:29 PM  [mysql] 	Attempting to start MySQL app...
4:02:13 AM  [main] 	Deinitializing Modules
4:02:13 AM  [main] 	Deinitializing Control Panel

